<?xml version="1.0" encoding="UTF-8"?>
<!-- Generated by org.testng.reporters.JUnitXMLReporter -->
<testsuite hostname="DESKTOP-T8VQ6H9" ignored="0" name="ieTest" tests="1" failures="1" timestamp="02 Apr 2019 05:02:56 GMT" time="0.464" errors="0">
  <testcase name="Firefoxtest" time="0.398" classname="CrossBrowser_demo.MultiBrowser">
    <failure type="java.lang.NoSuchMethodError" message="com.google.common.base.Preconditions.checkArgument(ZLjava/lang/String;I)V">
      <![CDATA[java.lang.NoSuchMethodError: com.google.common.base.Preconditions.checkArgument(ZLjava/lang/String;I)V
at org.openqa.selenium.remote.service.DriverService$Builder.usingPort(DriverService.java:294)
at org.openqa.selenium.ie.InternetExplorerDriver.setupService(InternetExplorerDriver.java:242)
at org.openqa.selenium.ie.InternetExplorerDriver.<init>(InternetExplorerDriver.java:211)
at org.openqa.selenium.ie.InternetExplorerDriver.<init>(InternetExplorerDriver.java:150)
at CrossBrowser_demo.MultiBrowser.Firefoxtest(MultiBrowser.java:39)
at java.util.concurrent.FutureTask.run(Unknown Source)
at java.util.concurrent.ThreadPoolExecutor.runWorker(Unknown Source)
at java.util.concurrent.ThreadPoolExecutor$Worker.run(Unknown Source)
at java.lang.Thread.run(Unknown Source)
... Removed 16 stack frames]]>
    </failure>
  </testcase> <!-- Firefoxtest -->
</testsuite> <!-- ieTest -->
