<?xml version="1.0" encoding="UTF-8"?>
<testng-results skipped="0" failed="0" ignored="0" total="1" passed="1">
  <reporter-output>
  </reporter-output>
  <suite name="Default suite" duration-ms="101406" started-at="2019-03-24T19:34:19Z" finished-at="2019-03-24T19:36:00Z">
    <groups>
    </groups>
    <test name="Default test" duration-ms="101406" started-at="2019-03-24T19:34:19Z" finished-at="2019-03-24T19:36:00Z">
      <class name="calendar_control.ValidateTestcase">
        <test-method status="PASS" signature="verifySeleniumTitle()[pri:0, instance:calendar_control.ValidateTestcase@36d4b5c]" name="verifySeleniumTitle" duration-ms="101357" started-at="2019-03-24T19:34:19Z" finished-at="2019-03-24T19:36:00Z">
          <reporter-output>
          </reporter-output>
        </test-method> <!-- verifySeleniumTitle -->
      </class> <!-- calendar_control.ValidateTestcase -->
    </test> <!-- Default test -->
  </suite> <!-- Default suite -->
</testng-results>
